<?xml version="1.0" encoding="UTF-8"?>
<testng-results ignored="0" total="2" passed="2" failed="0" skipped="0">
  <reporter-output>
  </reporter-output>
  <suite started-at="2021-02-21T14:55:56 IST" name="Default suite" finished-at="2021-02-21T14:56:01 IST" duration-ms="5296">
    <groups>
    </groups>
    <test started-at="2021-02-21T14:55:56 IST" name="Default test" finished-at="2021-02-21T14:56:01 IST" duration-ms="5296">
      <class name="CustomerInfo">
        <test-method signature="getNewResponseBody()[pri:0, instance:CustomerInfo@7671cb68]" started-at="2021-02-21T14:55:56 IST" name="getNewResponseBody" finished-at="2021-02-21T14:56:01 IST" duration-ms="4439" status="PASS">
          <reporter-output>
          </reporter-output>
        </test-method> <!-- getNewResponseBody -->
        <test-method signature="getResponseBody()[pri:0, instance:CustomerInfo@7671cb68]" started-at="2021-02-21T14:56:01 IST" name="getResponseBody" finished-at="2021-02-21T14:56:01 IST" duration-ms="784" status="PASS">
          <reporter-output>
          </reporter-output>
        </test-method> <!-- getResponseBody -->
      </class> <!-- CustomerInfo -->
    </test> <!-- Default test -->
  </suite> <!-- Default suite -->
</testng-results>
